c:\users\user\documents\projects\consolegameengine\consoletetris\debug\vc141.pdb
c:\users\user\documents\projects\consolegameengine\consoletetris\debug\vc141.idb
c:\users\user\documents\projects\consolegameengine\consoletetris\debug\renderengine.obj
c:\users\user\documents\projects\consolegameengine\consoletetris\debug\main.obj
c:\users\user\documents\projects\consolegameengine\consoletetris\debug\time.obj
c:\users\user\documents\projects\consolegameengine\consoletetris\debug\tetris.obj
c:\users\user\documents\projects\consolegameengine\consoletetris\debug\spriteeditor.obj
c:\users\user\documents\projects\consolegameengine\consoletetris\debug\sprite.obj
c:\users\user\documents\projects\consolegameengine\consoletetris\debug\snake.obj
c:\users\user\documents\projects\consolegameengine\consoletetris\debug\racing.obj
c:\users\user\documents\projects\consolegameengine\consoletetris\debug\mainmenu.obj
c:\users\user\documents\projects\consolegameengine\consoletetris\debug\inputhandler.obj
c:\users\user\documents\projects\consolegameengine\consoletetris\debug\gameobject.obj
c:\users\user\documents\projects\consolegameengine\consoletetris\debug\gameengine.obj
c:\users\user\documents\projects\consolegameengine\consoletetris\debug\fvector2.obj
c:\users\user\documents\projects\consolegameengine\consoletetris\debug\frogger.obj
c:\users\user\documents\projects\consolegameengine\consoletetris\debug\firstperson.obj
c:\users\user\documents\projects\consolegameengine\consoletetris\debug\cellularautomata.obj
c:\users\user\documents\projects\consolegameengine\consoletetris\debug\bouncingball.obj
c:\users\user\documents\projects\consolegameengine\consoletetris\debug\automaze.obj
c:\users\user\documents\projects\consolegameengine\consoletetris\debug\arcadegames.obj
c:\users\user\documents\projects\consolegameengine\consoletetris\debug\application.obj
c:\users\user\documents\projects\consolegameengine\debug\consolegameengine.exe
c:\users\user\documents\projects\consolegameengine\debug\consolegameengine.ilk
c:\users\user\documents\projects\consolegameengine\debug\consolegameengine.pdb
c:\users\user\documents\projects\consolegameengine\consoletetris\debug\consoleg.ab767d9f.tlog\cl.command.1.tlog
c:\users\user\documents\projects\consolegameengine\consoletetris\debug\consoleg.ab767d9f.tlog\cl.read.1.tlog
c:\users\user\documents\projects\consolegameengine\consoletetris\debug\consoleg.ab767d9f.tlog\cl.write.1.tlog
c:\users\user\documents\projects\consolegameengine\consoletetris\debug\consoleg.ab767d9f.tlog\link.command.1.tlog
c:\users\user\documents\projects\consolegameengine\consoletetris\debug\consoleg.ab767d9f.tlog\link.read.1.tlog
c:\users\user\documents\projects\consolegameengine\consoletetris\debug\consoleg.ab767d9f.tlog\link.write.1.tlog
